{"/home/est/src/chesst/js/board.js": {"path":"/home/est/src/chesst/js/board.js","statementMap":{"0":{"start":{"line":3,"column":18},"end":{"line":3,"column":27}},"1":{"start":{"line":14,"column":4},"end":{"line":14,"column":21}},"2":{"start":{"line":15,"column":4},"end":{"line":35,"column":5}},"3":{"start":{"line":15,"column":17},"end":{"line":15,"column":18}},"4":{"start":{"line":16,"column":19},"end":{"line":16,"column":21}},"5":{"start":{"line":18,"column":6},"end":{"line":32,"column":7}},"6":{"start":{"line":18,"column":19},"end":{"line":18,"column":20}},"7":{"start":{"line":19,"column":24},"end":{"line":19,"column":61}},"8":{"start":{"line":21,"column":8},"end":{"line":29,"column":9}},"9":{"start":{"line":31,"column":8},"end":{"line":31,"column":27}},"10":{"start":{"line":34,"column":6},"end":{"line":34,"column":32}},"11":{"start":{"line":42,"column":18},"end":{"line":42,"column":91}},"12":{"start":{"line":44,"column":4},"end":{"line":65,"column":5}},"13":{"start":{"line":44,"column":18},"end":{"line":44,"column":19}},"14":{"start":{"line":45,"column":22},"end":{"line":45,"column":55}},"15":{"start":{"line":46,"column":6},"end":{"line":54,"column":7}},"16":{"start":{"line":55,"column":6},"end":{"line":55,"column":52}},"17":{"start":{"line":56,"column":6},"end":{"line":64,"column":7}},"18":{"start":{"line":68,"column":4},"end":{"line":89,"column":5}},"19":{"start":{"line":68,"column":18},"end":{"line":68,"column":19}},"20":{"start":{"line":69,"column":22},"end":{"line":69,"column":55}},"21":{"start":{"line":70,"column":6},"end":{"line":78,"column":7}},"22":{"start":{"line":79,"column":6},"end":{"line":79,"column":52}},"23":{"start":{"line":80,"column":6},"end":{"line":88,"column":7}},"24":{"start":{"line":100,"column":4},"end":{"line":102,"column":5}},"25":{"start":{"line":101,"column":6},"end":{"line":101,"column":23}},"26":{"start":{"line":104,"column":24},"end":{"line":104,"column":41}},"27":{"start":{"line":106,"column":4},"end":{"line":106,"column":73}},"28":{"start":{"line":117,"column":4},"end":{"line":119,"column":5}},"29":{"start":{"line":118,"column":6},"end":{"line":118,"column":23}},"30":{"start":{"line":120,"column":15},"end":{"line":120,"column":26}},"31":{"start":{"line":121,"column":15},"end":{"line":121,"column":26}},"32":{"start":{"line":123,"column":24},"end":{"line":123,"column":41}},"33":{"start":{"line":124,"column":22},"end":{"line":124,"column":40}},"34":{"start":{"line":126,"column":4},"end":{"line":126,"column":66}},"35":{"start":{"line":140,"column":4},"end":{"line":142,"column":5}},"36":{"start":{"line":141,"column":6},"end":{"line":141,"column":16}},"37":{"start":{"line":144,"column":4},"end":{"line":144,"column":46}},"38":{"start":{"line":146,"column":4},"end":{"line":146,"column":13}},"39":{"start":{"line":158,"column":4},"end":{"line":162,"column":5}},"40":{"start":{"line":158,"column":18},"end":{"line":158,"column":19}},"41":{"start":{"line":159,"column":6},"end":{"line":161,"column":7}},"42":{"start":{"line":159,"column":20},"end":{"line":159,"column":21}},"43":{"start":{"line":160,"column":8},"end":{"line":160,"column":51}},"44":{"start":{"line":164,"column":4},"end":{"line":164,"column":13}},"45":{"start":{"line":176,"column":4},"end":{"line":178,"column":5}},"46":{"start":{"line":177,"column":6},"end":{"line":177,"column":16}},"47":{"start":{"line":180,"column":24},"end":{"line":189,"column":5}},"48":{"start":{"line":191,"column":4},"end":{"line":196,"column":5}},"49":{"start":{"line":192,"column":19},"end":{"line":192,"column":40}},"50":{"start":{"line":193,"column":19},"end":{"line":193,"column":40}},"51":{"start":{"line":195,"column":6},"end":{"line":195,"column":48}},"52":{"start":{"line":198,"column":4},"end":{"line":198,"column":13}},"53":{"start":{"line":210,"column":4},"end":{"line":212,"column":5}},"54":{"start":{"line":211,"column":6},"end":{"line":211,"column":16}},"55":{"start":{"line":215,"column":4},"end":{"line":220,"column":5}},"56":{"start":{"line":215,"column":16},"end":{"line":215,"column":28}},"57":{"start":{"line":215,"column":34},"end":{"line":215,"column":46}},"58":{"start":{"line":216,"column":20},"end":{"line":216,"column":51}},"59":{"start":{"line":217,"column":6},"end":{"line":219,"column":7}},"60":{"start":{"line":218,"column":8},"end":{"line":218,"column":14}},"61":{"start":{"line":221,"column":4},"end":{"line":226,"column":5}},"62":{"start":{"line":221,"column":16},"end":{"line":221,"column":28}},"63":{"start":{"line":221,"column":34},"end":{"line":221,"column":46}},"64":{"start":{"line":222,"column":20},"end":{"line":222,"column":51}},"65":{"start":{"line":223,"column":6},"end":{"line":225,"column":7}},"66":{"start":{"line":224,"column":8},"end":{"line":224,"column":14}},"67":{"start":{"line":227,"column":4},"end":{"line":232,"column":5}},"68":{"start":{"line":227,"column":16},"end":{"line":227,"column":28}},"69":{"start":{"line":227,"column":34},"end":{"line":227,"column":46}},"70":{"start":{"line":228,"column":20},"end":{"line":228,"column":51}},"71":{"start":{"line":229,"column":6},"end":{"line":231,"column":7}},"72":{"start":{"line":230,"column":8},"end":{"line":230,"column":14}},"73":{"start":{"line":233,"column":4},"end":{"line":238,"column":5}},"74":{"start":{"line":233,"column":16},"end":{"line":233,"column":28}},"75":{"start":{"line":233,"column":34},"end":{"line":233,"column":46}},"76":{"start":{"line":234,"column":20},"end":{"line":234,"column":51}},"77":{"start":{"line":235,"column":6},"end":{"line":237,"column":7}},"78":{"start":{"line":236,"column":8},"end":{"line":236,"column":14}},"79":{"start":{"line":240,"column":4},"end":{"line":240,"column":13}},"80":{"start":{"line":252,"column":4},"end":{"line":254,"column":5}},"81":{"start":{"line":253,"column":6},"end":{"line":253,"column":16}},"82":{"start":{"line":257,"column":4},"end":{"line":262,"column":5}},"83":{"start":{"line":257,"column":16},"end":{"line":257,"column":27}},"84":{"start":{"line":258,"column":20},"end":{"line":258,"column":59}},"85":{"start":{"line":259,"column":6},"end":{"line":261,"column":7}},"86":{"start":{"line":260,"column":8},"end":{"line":260,"column":14}},"87":{"start":{"line":263,"column":4},"end":{"line":268,"column":5}},"88":{"start":{"line":263,"column":16},"end":{"line":263,"column":27}},"89":{"start":{"line":264,"column":20},"end":{"line":264,"column":59}},"90":{"start":{"line":265,"column":6},"end":{"line":267,"column":7}},"91":{"start":{"line":266,"column":8},"end":{"line":266,"column":14}},"92":{"start":{"line":269,"column":4},"end":{"line":274,"column":5}},"93":{"start":{"line":269,"column":16},"end":{"line":269,"column":27}},"94":{"start":{"line":270,"column":20},"end":{"line":270,"column":59}},"95":{"start":{"line":271,"column":6},"end":{"line":273,"column":7}},"96":{"start":{"line":272,"column":8},"end":{"line":272,"column":14}},"97":{"start":{"line":275,"column":4},"end":{"line":280,"column":5}},"98":{"start":{"line":275,"column":16},"end":{"line":275,"column":27}},"99":{"start":{"line":276,"column":20},"end":{"line":276,"column":59}},"100":{"start":{"line":277,"column":6},"end":{"line":279,"column":7}},"101":{"start":{"line":278,"column":8},"end":{"line":278,"column":14}},"102":{"start":{"line":282,"column":4},"end":{"line":287,"column":5}},"103":{"start":{"line":282,"column":16},"end":{"line":282,"column":27}},"104":{"start":{"line":282,"column":33},"end":{"line":282,"column":44}},"105":{"start":{"line":283,"column":20},"end":{"line":283,"column":51}},"106":{"start":{"line":284,"column":6},"end":{"line":286,"column":7}},"107":{"start":{"line":285,"column":8},"end":{"line":285,"column":14}},"108":{"start":{"line":288,"column":4},"end":{"line":293,"column":5}},"109":{"start":{"line":288,"column":16},"end":{"line":288,"column":27}},"110":{"start":{"line":288,"column":33},"end":{"line":288,"column":44}},"111":{"start":{"line":289,"column":20},"end":{"line":289,"column":51}},"112":{"start":{"line":290,"column":6},"end":{"line":292,"column":7}},"113":{"start":{"line":291,"column":8},"end":{"line":291,"column":14}},"114":{"start":{"line":294,"column":4},"end":{"line":299,"column":5}},"115":{"start":{"line":294,"column":16},"end":{"line":294,"column":27}},"116":{"start":{"line":294,"column":33},"end":{"line":294,"column":44}},"117":{"start":{"line":295,"column":20},"end":{"line":295,"column":51}},"118":{"start":{"line":296,"column":6},"end":{"line":298,"column":7}},"119":{"start":{"line":297,"column":8},"end":{"line":297,"column":14}},"120":{"start":{"line":300,"column":4},"end":{"line":305,"column":5}},"121":{"start":{"line":300,"column":16},"end":{"line":300,"column":27}},"122":{"start":{"line":300,"column":33},"end":{"line":300,"column":44}},"123":{"start":{"line":301,"column":20},"end":{"line":301,"column":51}},"124":{"start":{"line":302,"column":6},"end":{"line":304,"column":7}},"125":{"start":{"line":303,"column":8},"end":{"line":303,"column":14}},"126":{"start":{"line":307,"column":4},"end":{"line":307,"column":13}},"127":{"start":{"line":319,"column":4},"end":{"line":321,"column":5}},"128":{"start":{"line":320,"column":6},"end":{"line":320,"column":15}},"129":{"start":{"line":323,"column":20},"end":{"line":323,"column":51}},"130":{"start":{"line":324,"column":22},"end":{"line":325,"column":59}},"131":{"start":{"line":327,"column":4},"end":{"line":327,"column":62}},"132":{"start":{"line":328,"column":4},"end":{"line":330,"column":5}},"133":{"start":{"line":329,"column":6},"end":{"line":329,"column":66}},"134":{"start":{"line":332,"column":4},"end":{"line":332,"column":13}},"135":{"start":{"line":344,"column":4},"end":{"line":346,"column":5}},"136":{"start":{"line":345,"column":6},"end":{"line":345,"column":16}},"137":{"start":{"line":348,"column":4},"end":{"line":357,"column":5}},"138":{"start":{"line":348,"column":16},"end":{"line":348,"column":18}},"139":{"start":{"line":349,"column":6},"end":{"line":356,"column":7}},"140":{"start":{"line":349,"column":18},"end":{"line":349,"column":20}},"141":{"start":{"line":351,"column":8},"end":{"line":353,"column":9}},"142":{"start":{"line":352,"column":10},"end":{"line":352,"column":19}},"143":{"start":{"line":355,"column":8},"end":{"line":355,"column":62}},"144":{"start":{"line":359,"column":4},"end":{"line":359,"column":13}},"145":{"start":{"line":370,"column":4},"end":{"line":372,"column":5}},"146":{"start":{"line":371,"column":6},"end":{"line":371,"column":16}},"147":{"start":{"line":375,"column":4},"end":{"line":380,"column":5}},"148":{"start":{"line":375,"column":16},"end":{"line":375,"column":26}},"149":{"start":{"line":376,"column":20},"end":{"line":376,"column":58}},"150":{"start":{"line":377,"column":6},"end":{"line":379,"column":7}},"151":{"start":{"line":378,"column":8},"end":{"line":378,"column":14}},"152":{"start":{"line":381,"column":4},"end":{"line":386,"column":5}},"153":{"start":{"line":381,"column":16},"end":{"line":381,"column":26}},"154":{"start":{"line":382,"column":20},"end":{"line":382,"column":58}},"155":{"start":{"line":383,"column":6},"end":{"line":385,"column":7}},"156":{"start":{"line":384,"column":8},"end":{"line":384,"column":14}},"157":{"start":{"line":387,"column":4},"end":{"line":392,"column":5}},"158":{"start":{"line":387,"column":16},"end":{"line":387,"column":26}},"159":{"start":{"line":388,"column":20},"end":{"line":388,"column":58}},"160":{"start":{"line":389,"column":6},"end":{"line":391,"column":7}},"161":{"start":{"line":390,"column":8},"end":{"line":390,"column":14}},"162":{"start":{"line":393,"column":4},"end":{"line":398,"column":5}},"163":{"start":{"line":393,"column":16},"end":{"line":393,"column":26}},"164":{"start":{"line":394,"column":20},"end":{"line":394,"column":58}},"165":{"start":{"line":395,"column":6},"end":{"line":397,"column":7}},"166":{"start":{"line":396,"column":8},"end":{"line":396,"column":14}},"167":{"start":{"line":400,"column":4},"end":{"line":400,"column":13}},"168":{"start":{"line":413,"column":4},"end":{"line":413,"column":29}},"169":{"start":{"line":415,"column":18},"end":{"line":415,"column":53}},"170":{"start":{"line":416,"column":16},"end":{"line":416,"column":54}},"171":{"start":{"line":419,"column":4},"end":{"line":421,"column":5}},"172":{"start":{"line":420,"column":6},"end":{"line":420,"column":42}},"173":{"start":{"line":424,"column":4},"end":{"line":427,"column":5}},"174":{"start":{"line":425,"column":6},"end":{"line":425,"column":37}},"175":{"start":{"line":426,"column":6},"end":{"line":426,"column":16}},"176":{"start":{"line":430,"column":4},"end":{"line":430,"column":31}},"177":{"start":{"line":431,"column":4},"end":{"line":431,"column":26}},"178":{"start":{"line":434,"column":18},"end":{"line":434,"column":51}},"179":{"start":{"line":436,"column":4},"end":{"line":436,"column":19}},"180":{"start":{"line":453,"column":4},"end":{"line":455,"column":5}},"181":{"start":{"line":454,"column":6},"end":{"line":454,"column":16}},"182":{"start":{"line":457,"column":18},"end":{"line":457,"column":20}},"183":{"start":{"line":459,"column":4},"end":{"line":478,"column":5}},"184":{"start":{"line":461,"column":8},"end":{"line":461,"column":51}},"185":{"start":{"line":462,"column":8},"end":{"line":462,"column":14}},"186":{"start":{"line":464,"column":8},"end":{"line":464,"column":53}},"187":{"start":{"line":465,"column":8},"end":{"line":465,"column":14}},"188":{"start":{"line":467,"column":8},"end":{"line":467,"column":53}},"189":{"start":{"line":468,"column":8},"end":{"line":468,"column":14}},"190":{"start":{"line":470,"column":8},"end":{"line":470,"column":52}},"191":{"start":{"line":471,"column":8},"end":{"line":471,"column":14}},"192":{"start":{"line":473,"column":8},"end":{"line":473,"column":51}},"193":{"start":{"line":474,"column":8},"end":{"line":474,"column":14}},"194":{"start":{"line":476,"column":8},"end":{"line":476,"column":51}},"195":{"start":{"line":477,"column":8},"end":{"line":477,"column":14}},"196":{"start":{"line":479,"column":4},"end":{"line":479,"column":19}},"197":{"start":{"line":488,"column":18},"end":{"line":488,"column":20}},"198":{"start":{"line":489,"column":4},"end":{"line":499,"column":5}},"199":{"start":{"line":489,"column":16},"end":{"line":489,"column":17}},"200":{"start":{"line":490,"column":6},"end":{"line":498,"column":7}},"201":{"start":{"line":490,"column":18},"end":{"line":490,"column":19}},"202":{"start":{"line":491,"column":20},"end":{"line":491,"column":42}},"203":{"start":{"line":492,"column":8},"end":{"line":497,"column":9}},"204":{"start":{"line":500,"column":4},"end":{"line":500,"column":19}}},"fnMap":{"0":{"name":"(anonymous_0)","decl":{"start":{"line":13,"column":2},"end":{"line":13,"column":3}},"loc":{"start":{"line":13,"column":16},"end":{"line":36,"column":3}},"line":13},"1":{"name":"(anonymous_1)","decl":{"start":{"line":41,"column":2},"end":{"line":41,"column":3}},"loc":{"start":{"line":41,"column":29},"end":{"line":90,"column":3}},"line":41},"2":{"name":"(anonymous_2)","decl":{"start":{"line":411,"column":2},"end":{"line":411,"column":3}},"loc":{"start":{"line":411,"column":24},"end":{"line":437,"column":3}},"line":411},"3":{"name":"(anonymous_3)","decl":{"start":{"line":487,"column":2},"end":{"line":487,"column":3}},"loc":{"start":{"line":487,"column":20},"end":{"line":501,"column":3}},"line":487}},"branchMap":{"0":{"loc":{"start":{"line":100,"column":4},"end":{"line":102,"column":5}},"type":"if","locations":[{"start":{"line":100,"column":4},"end":{"line":102,"column":5}},{"start":{},"end":{}}],"line":100},"1":{"loc":{"start":{"line":100,"column":7},"end":{"line":100,"column":49}},"type":"binary-expr","locations":[{"start":{"line":100,"column":7},"end":{"line":100,"column":14}},{"start":{"line":100,"column":18},"end":{"line":100,"column":26}},{"start":{"line":100,"column":30},"end":{"line":100,"column":37}},{"start":{"line":100,"column":41},"end":{"line":100,"column":49}}],"line":100},"2":{"loc":{"start":{"line":117,"column":4},"end":{"line":119,"column":5}},"type":"if","locations":[{"start":{"line":117,"column":4},"end":{"line":119,"column":5}},{"start":{},"end":{}}],"line":117},"3":{"loc":{"start":{"line":140,"column":4},"end":{"line":142,"column":5}},"type":"if","locations":[{"start":{"line":140,"column":4},"end":{"line":142,"column":5}},{"start":{},"end":{}}],"line":140},"4":{"loc":{"start":{"line":140,"column":7},"end":{"line":140,"column":47}},"type":"binary-expr","locations":[{"start":{"line":140,"column":7},"end":{"line":140,"column":14}},{"start":{"line":140,"column":18},"end":{"line":140,"column":25}},{"start":{"line":140,"column":29},"end":{"line":140,"column":36}},{"start":{"line":140,"column":40},"end":{"line":140,"column":47}}],"line":140},"5":{"loc":{"start":{"line":176,"column":4},"end":{"line":178,"column":5}},"type":"if","locations":[{"start":{"line":176,"column":4},"end":{"line":178,"column":5}},{"start":{},"end":{}}],"line":176},"6":{"loc":{"start":{"line":210,"column":4},"end":{"line":212,"column":5}},"type":"if","locations":[{"start":{"line":210,"column":4},"end":{"line":212,"column":5}},{"start":{},"end":{}}],"line":210},"7":{"loc":{"start":{"line":217,"column":6},"end":{"line":219,"column":7}},"type":"if","locations":[{"start":{"line":217,"column":6},"end":{"line":219,"column":7}},{"start":{},"end":{}}],"line":217},"8":{"loc":{"start":{"line":223,"column":6},"end":{"line":225,"column":7}},"type":"if","locations":[{"start":{"line":223,"column":6},"end":{"line":225,"column":7}},{"start":{},"end":{}}],"line":223},"9":{"loc":{"start":{"line":229,"column":6},"end":{"line":231,"column":7}},"type":"if","locations":[{"start":{"line":229,"column":6},"end":{"line":231,"column":7}},{"start":{},"end":{}}],"line":229},"10":{"loc":{"start":{"line":235,"column":6},"end":{"line":237,"column":7}},"type":"if","locations":[{"start":{"line":235,"column":6},"end":{"line":237,"column":7}},{"start":{},"end":{}}],"line":235},"11":{"loc":{"start":{"line":252,"column":4},"end":{"line":254,"column":5}},"type":"if","locations":[{"start":{"line":252,"column":4},"end":{"line":254,"column":5}},{"start":{},"end":{}}],"line":252},"12":{"loc":{"start":{"line":259,"column":6},"end":{"line":261,"column":7}},"type":"if","locations":[{"start":{"line":259,"column":6},"end":{"line":261,"column":7}},{"start":{},"end":{}}],"line":259},"13":{"loc":{"start":{"line":265,"column":6},"end":{"line":267,"column":7}},"type":"if","locations":[{"start":{"line":265,"column":6},"end":{"line":267,"column":7}},{"start":{},"end":{}}],"line":265},"14":{"loc":{"start":{"line":271,"column":6},"end":{"line":273,"column":7}},"type":"if","locations":[{"start":{"line":271,"column":6},"end":{"line":273,"column":7}},{"start":{},"end":{}}],"line":271},"15":{"loc":{"start":{"line":277,"column":6},"end":{"line":279,"column":7}},"type":"if","locations":[{"start":{"line":277,"column":6},"end":{"line":279,"column":7}},{"start":{},"end":{}}],"line":277},"16":{"loc":{"start":{"line":284,"column":6},"end":{"line":286,"column":7}},"type":"if","locations":[{"start":{"line":284,"column":6},"end":{"line":286,"column":7}},{"start":{},"end":{}}],"line":284},"17":{"loc":{"start":{"line":290,"column":6},"end":{"line":292,"column":7}},"type":"if","locations":[{"start":{"line":290,"column":6},"end":{"line":292,"column":7}},{"start":{},"end":{}}],"line":290},"18":{"loc":{"start":{"line":296,"column":6},"end":{"line":298,"column":7}},"type":"if","locations":[{"start":{"line":296,"column":6},"end":{"line":298,"column":7}},{"start":{},"end":{}}],"line":296},"19":{"loc":{"start":{"line":302,"column":6},"end":{"line":304,"column":7}},"type":"if","locations":[{"start":{"line":302,"column":6},"end":{"line":304,"column":7}},{"start":{},"end":{}}],"line":302},"20":{"loc":{"start":{"line":319,"column":4},"end":{"line":321,"column":5}},"type":"if","locations":[{"start":{"line":319,"column":4},"end":{"line":321,"column":5}},{"start":{},"end":{}}],"line":319},"21":{"loc":{"start":{"line":323,"column":20},"end":{"line":323,"column":51}},"type":"cond-expr","locations":[{"start":{"line":323,"column":45},"end":{"line":323,"column":46}},{"start":{"line":323,"column":49},"end":{"line":323,"column":51}}],"line":323},"22":{"loc":{"start":{"line":324,"column":22},"end":{"line":325,"column":59}},"type":"binary-expr","locations":[{"start":{"line":324,"column":22},"end":{"line":324,"column":43}},{"start":{"line":324,"column":47},"end":{"line":324,"column":61}},{"start":{"line":325,"column":20},"end":{"line":325,"column":41}},{"start":{"line":325,"column":45},"end":{"line":325,"column":59}}],"line":324},"23":{"loc":{"start":{"line":328,"column":4},"end":{"line":330,"column":5}},"type":"if","locations":[{"start":{"line":328,"column":4},"end":{"line":330,"column":5}},{"start":{},"end":{}}],"line":328},"24":{"loc":{"start":{"line":344,"column":4},"end":{"line":346,"column":5}},"type":"if","locations":[{"start":{"line":344,"column":4},"end":{"line":346,"column":5}},{"start":{},"end":{}}],"line":344},"25":{"loc":{"start":{"line":351,"column":8},"end":{"line":353,"column":9}},"type":"if","locations":[{"start":{"line":351,"column":8},"end":{"line":353,"column":9}},{"start":{},"end":{}}],"line":351},"26":{"loc":{"start":{"line":351,"column":11},"end":{"line":351,"column":29}},"type":"binary-expr","locations":[{"start":{"line":351,"column":11},"end":{"line":351,"column":18}},{"start":{"line":351,"column":22},"end":{"line":351,"column":29}}],"line":351},"27":{"loc":{"start":{"line":370,"column":4},"end":{"line":372,"column":5}},"type":"if","locations":[{"start":{"line":370,"column":4},"end":{"line":372,"column":5}},{"start":{},"end":{}}],"line":370},"28":{"loc":{"start":{"line":377,"column":6},"end":{"line":379,"column":7}},"type":"if","locations":[{"start":{"line":377,"column":6},"end":{"line":379,"column":7}},{"start":{},"end":{}}],"line":377},"29":{"loc":{"start":{"line":383,"column":6},"end":{"line":385,"column":7}},"type":"if","locations":[{"start":{"line":383,"column":6},"end":{"line":385,"column":7}},{"start":{},"end":{}}],"line":383},"30":{"loc":{"start":{"line":389,"column":6},"end":{"line":391,"column":7}},"type":"if","locations":[{"start":{"line":389,"column":6},"end":{"line":391,"column":7}},{"start":{},"end":{}}],"line":389},"31":{"loc":{"start":{"line":395,"column":6},"end":{"line":397,"column":7}},"type":"if","locations":[{"start":{"line":395,"column":6},"end":{"line":397,"column":7}},{"start":{},"end":{}}],"line":395},"32":{"loc":{"start":{"line":419,"column":4},"end":{"line":421,"column":5}},"type":"if","locations":[{"start":{"line":419,"column":4},"end":{"line":421,"column":5}},{"start":{},"end":{}}],"line":419},"33":{"loc":{"start":{"line":424,"column":4},"end":{"line":427,"column":5}},"type":"if","locations":[{"start":{"line":424,"column":4},"end":{"line":427,"column":5}},{"start":{},"end":{}}],"line":424},"34":{"loc":{"start":{"line":453,"column":4},"end":{"line":455,"column":5}},"type":"if","locations":[{"start":{"line":453,"column":4},"end":{"line":455,"column":5}},{"start":{},"end":{}}],"line":453},"35":{"loc":{"start":{"line":459,"column":4},"end":{"line":478,"column":5}},"type":"switch","locations":[{"start":{"line":460,"column":6},"end":{"line":462,"column":14}},{"start":{"line":463,"column":6},"end":{"line":465,"column":14}},{"start":{"line":466,"column":6},"end":{"line":468,"column":14}},{"start":{"line":469,"column":6},"end":{"line":471,"column":14}},{"start":{"line":472,"column":6},"end":{"line":474,"column":14}},{"start":{"line":475,"column":6},"end":{"line":477,"column":14}}],"line":459}},"s":{"0":1,"1":1,"2":1,"3":1,"4":8,"5":8,"6":8,"7":64,"8":64,"9":64,"10":8,"11":1,"12":1,"13":1,"14":8,"15":8,"16":8,"17":8,"18":1,"19":1,"20":8,"21":8,"22":8,"23":8,"24":96,"25":0,"26":96,"27":96,"28":1,"29":0,"30":1,"31":1,"32":1,"33":1,"34":1,"35":2,"36":0,"37":2,"38":2,"39":1,"40":1,"41":8,"42":8,"43":64,"44":1,"45":0,"46":0,"47":0,"48":0,"49":0,"50":0,"51":0,"52":0,"53":0,"54":0,"55":0,"56":0,"57":0,"58":0,"59":0,"60":0,"61":0,"62":0,"63":0,"64":0,"65":0,"66":0,"67":0,"68":0,"69":0,"70":0,"71":0,"72":0,"73":0,"74":0,"75":0,"76":0,"77":0,"78":0,"79":0,"80":0,"81":0,"82":0,"83":0,"84":0,"85":0,"86":0,"87":0,"88":0,"89":0,"90":0,"91":0,"92":0,"93":0,"94":0,"95":0,"96":0,"97":0,"98":0,"99":0,"100":0,"101":0,"102":0,"103":0,"104":0,"105":0,"106":0,"107":0,"108":0,"109":0,"110":0,"111":0,"112":0,"113":0,"114":0,"115":0,"116":0,"117":0,"118":0,"119":0,"120":0,"121":0,"122":0,"123":0,"124":0,"125":0,"126":0,"127":1,"128":0,"129":1,"130":1,"131":1,"132":1,"133":1,"134":1,"135":0,"136":0,"137":0,"138":0,"139":0,"140":0,"141":0,"142":0,"143":0,"144":0,"145":0,"146":0,"147":0,"148":0,"149":0,"150":0,"151":0,"152":0,"153":0,"154":0,"155":0,"156":0,"157":0,"158":0,"159":0,"160":0,"161":0,"162":0,"163":0,"164":0,"165":0,"166":0,"167":0,"168":1,"169":1,"170":1,"171":1,"172":0,"173":1,"174":0,"175":0,"176":1,"177":1,"178":1,"179":1,"180":1,"181":0,"182":1,"183":1,"184":0,"185":0,"186":0,"187":0,"188":0,"189":0,"190":0,"191":0,"192":0,"193":0,"194":1,"195":1,"196":1,"197":0,"198":0,"199":0,"200":0,"201":0,"202":0,"203":0,"204":0},"f":{"0":1,"1":1,"2":1,"3":0},"b":{"0":[0,96],"1":[96,96,96,96],"2":[0,1],"3":[0,2],"4":[2,2,2,2],"5":[0,0],"6":[0,0],"7":[0,0],"8":[0,0],"9":[0,0],"10":[0,0],"11":[0,0],"12":[0,0],"13":[0,0],"14":[0,0],"15":[0,0],"16":[0,0],"17":[0,0],"18":[0,0],"19":[0,0],"20":[0,1],"21":[1,0],"22":[1,1,0,0],"23":[1,0],"24":[0,0],"25":[0,0],"26":[0,0],"27":[0,0],"28":[0,0],"29":[0,0],"30":[0,0],"31":[0,0],"32":[0,1],"33":[0,1],"34":[0,1],"35":[0,0,0,0,0,1]},"_coverageSchema":"1a1c01bbd47fc00a2c39e90264f33305004495a9","hash":"4187effe8963854a2616b38f2c2c87197daf449b"}
}
