TN:
SF:js/board.js
FN:13,(anonymous_0)
FN:41,(anonymous_1)
FN:411,(anonymous_2)
FN:487,(anonymous_3)
FNF:4
FNH:3
FNDA:1,(anonymous_0)
FNDA:1,(anonymous_1)
FNDA:1,(anonymous_2)
FNDA:0,(anonymous_3)
DA:3,1
DA:14,1
DA:15,1
DA:16,8
DA:18,8
DA:19,64
DA:21,64
DA:31,64
DA:34,8
DA:42,1
DA:44,1
DA:45,8
DA:46,8
DA:55,8
DA:56,8
DA:68,1
DA:69,8
DA:70,8
DA:79,8
DA:80,8
DA:100,96
DA:101,0
DA:104,96
DA:106,96
DA:117,1
DA:118,0
DA:120,1
DA:121,1
DA:123,1
DA:124,1
DA:126,1
DA:140,2
DA:141,0
DA:144,2
DA:146,2
DA:158,1
DA:159,8
DA:160,64
DA:164,1
DA:176,0
DA:177,0
DA:180,0
DA:191,0
DA:192,0
DA:193,0
DA:195,0
DA:198,0
DA:210,0
DA:211,0
DA:215,0
DA:216,0
DA:217,0
DA:218,0
DA:221,0
DA:222,0
DA:223,0
DA:224,0
DA:227,0
DA:228,0
DA:229,0
DA:230,0
DA:233,0
DA:234,0
DA:235,0
DA:236,0
DA:240,0
DA:252,0
DA:253,0
DA:257,0
DA:258,0
DA:259,0
DA:260,0
DA:263,0
DA:264,0
DA:265,0
DA:266,0
DA:269,0
DA:270,0
DA:271,0
DA:272,0
DA:275,0
DA:276,0
DA:277,0
DA:278,0
DA:282,0
DA:283,0
DA:284,0
DA:285,0
DA:288,0
DA:289,0
DA:290,0
DA:291,0
DA:294,0
DA:295,0
DA:296,0
DA:297,0
DA:300,0
DA:301,0
DA:302,0
DA:303,0
DA:307,0
DA:319,1
DA:320,0
DA:323,1
DA:324,1
DA:327,1
DA:328,1
DA:329,1
DA:332,1
DA:344,0
DA:345,0
DA:348,0
DA:349,0
DA:351,0
DA:352,0
DA:355,0
DA:359,0
DA:370,0
DA:371,0
DA:375,0
DA:376,0
DA:377,0
DA:378,0
DA:381,0
DA:382,0
DA:383,0
DA:384,0
DA:387,0
DA:388,0
DA:389,0
DA:390,0
DA:393,0
DA:394,0
DA:395,0
DA:396,0
DA:400,0
DA:413,1
DA:415,1
DA:416,1
DA:419,1
DA:420,0
DA:424,1
DA:425,0
DA:426,0
DA:430,1
DA:431,1
DA:434,1
DA:436,1
DA:453,1
DA:454,0
DA:457,1
DA:459,1
DA:461,0
DA:462,0
DA:464,0
DA:465,0
DA:467,0
DA:468,0
DA:470,0
DA:471,0
DA:473,0
DA:474,0
DA:476,1
DA:477,1
DA:479,1
DA:488,0
DA:489,0
DA:490,0
DA:491,0
DA:492,0
DA:500,0
LF:171
LH:58
BRDA:100,0,0,0
BRDA:100,0,1,96
BRDA:100,1,0,96
BRDA:100,1,1,96
BRDA:100,1,2,96
BRDA:100,1,3,96
BRDA:117,2,0,0
BRDA:117,2,1,1
BRDA:140,3,0,0
BRDA:140,3,1,2
BRDA:140,4,0,2
BRDA:140,4,1,2
BRDA:140,4,2,2
BRDA:140,4,3,2
BRDA:176,5,0,0
BRDA:176,5,1,0
BRDA:210,6,0,0
BRDA:210,6,1,0
BRDA:217,7,0,0
BRDA:217,7,1,0
BRDA:223,8,0,0
BRDA:223,8,1,0
BRDA:229,9,0,0
BRDA:229,9,1,0
BRDA:235,10,0,0
BRDA:235,10,1,0
BRDA:252,11,0,0
BRDA:252,11,1,0
BRDA:259,12,0,0
BRDA:259,12,1,0
BRDA:265,13,0,0
BRDA:265,13,1,0
BRDA:271,14,0,0
BRDA:271,14,1,0
BRDA:277,15,0,0
BRDA:277,15,1,0
BRDA:284,16,0,0
BRDA:284,16,1,0
BRDA:290,17,0,0
BRDA:290,17,1,0
BRDA:296,18,0,0
BRDA:296,18,1,0
BRDA:302,19,0,0
BRDA:302,19,1,0
BRDA:319,20,0,0
BRDA:319,20,1,1
BRDA:323,21,0,1
BRDA:323,21,1,0
BRDA:324,22,0,1
BRDA:324,22,1,1
BRDA:324,22,2,0
BRDA:324,22,3,0
BRDA:328,23,0,1
BRDA:328,23,1,0
BRDA:344,24,0,0
BRDA:344,24,1,0
BRDA:351,25,0,0
BRDA:351,25,1,0
BRDA:351,26,0,0
BRDA:351,26,1,0
BRDA:370,27,0,0
BRDA:370,27,1,0
BRDA:377,28,0,0
BRDA:377,28,1,0
BRDA:383,29,0,0
BRDA:383,29,1,0
BRDA:389,30,0,0
BRDA:389,30,1,0
BRDA:395,31,0,0
BRDA:395,31,1,0
BRDA:419,32,0,0
BRDA:419,32,1,1
BRDA:424,33,0,0
BRDA:424,33,1,1
BRDA:453,34,0,0
BRDA:453,34,1,1
BRDA:459,35,0,0
BRDA:459,35,1,0
BRDA:459,35,2,0
BRDA:459,35,3,0
BRDA:459,35,4,0
BRDA:459,35,5,1
BRF:82
BRH:20
end_of_record
